The system is: Darwin - 21.6.0 - x86_64
Compiling the CXX compiler identification source file "CMakeCXXCompilerId.cpp" succeeded.
Compiler: /usr/bin/clang++ 
Build flags: 
Id flags:  

The output was:
0


Compilation of the CXX compiler identification source "CMakeCXXCompilerId.cpp" produced "a.out"

The CXX compiler identification is AppleClang, found in "/Users/silviafang/Desktop/fall2022/CS 211/NUrdle/build/CMakeFiles/3.24.2/CompilerIdCXX/a.out"

Detecting CXX compiler ABI info compiled with the following output:
Change Dir: /Users/silviafang/Desktop/fall2022/CS 211/NUrdle/build/CMakeFiles/CMakeTmp

Run Build Command(s):/usr/bin/make -f Makefile cmTC_3cce1/fast && /Library/Developer/CommandLineTools/usr/bin/make  -f CMakeFiles/cmTC_3cce1.dir/build.make CMakeFiles/cmTC_3cce1.dir/build
Building CXX object CMakeFiles/cmTC_3cce1.dir/CMakeCXXCompilerABI.cpp.o
/usr/bin/clang++   -arch x86_64 -isysroot /Library/Developer/CommandLineTools/SDKs/MacOSX13.0.sdk -mmacosx-version-min=12.6   -v -Wl,-v -MD -MT CMakeFiles/cmTC_3cce1.dir/CMakeCXXCompilerABI.cpp.o -MF CMakeFiles/cmTC_3cce1.dir/CMakeCXXCompilerABI.cpp.o.d -o CMakeFiles/cmTC_3cce1.dir/CMakeCXXCompilerABI.cpp.o -c /usr/local/Cellar/cmake/3.24.2/share/cmake/Modules/CMakeCXXCompilerABI.cpp
Apple clang version 14.0.0 (clang-1400.0.29.202)
Target: x86_64-apple-darwin21.6.0
Thread model: posix
InstalledDir: /Library/Developer/CommandLineTools/usr/bin
clang: warning: -Wl,-v: 'linker' input unused [-Wunused-command-line-argument]
 "/Library/Developer/CommandLineTools/usr/bin/clang" -cc1 -triple x86_64-apple-macosx12.6.0 -Wundef-prefix=TARGET_OS_ -Wdeprecated-objc-isa-usage -Werror=deprecated-objc-isa-usage -Werror=implicit-function-declaration -emit-obj -mrelax-all --mrelax-relocations -disable-free -clear-ast-before-backend -disable-llvm-verifier -discard-value-names -main-file-name CMakeCXXCompilerABI.cpp -mrelocation-model pic -pic-level 2 -mframe-pointer=all -fno-strict-return -fno-rounding-math -funwind-tables=2 -target-sdk-version=13.0 -fvisibility-inlines-hidden-static-local-var -target-cpu penryn -tune-cpu generic -debugger-tuning=lldb -target-linker-version 820.1 -v -resource-dir /Library/Developer/CommandLineTools/usr/lib/clang/14.0.0 -dependency-file CMakeFiles/cmTC_3cce1.dir/CMakeCXXCompilerABI.cpp.o.d -skip-unused-modulemap-deps -MT CMakeFiles/cmTC_3cce1.dir/CMakeCXXCompilerABI.cpp.o -sys-header-deps -isysroot /Library/Developer/CommandLineTools/SDKs/MacOSX13.0.sdk -stdlib=libc++ -internal-isystem /Library/Developer/CommandLineTools/SDKs/MacOSX13.0.sdk/usr/include/c++/v1 -internal-isystem /Library/Developer/CommandLineTools/SDKs/MacOSX13.0.sdk/usr/local/include -internal-isystem /Library/Developer/CommandLineTools/usr/lib/clang/14.0.0/include -internal-externc-isystem /Library/Developer/CommandLineTools/SDKs/MacOSX13.0.sdk/usr/include -internal-externc-isystem /Library/Developer/CommandLineTools/usr/include -Wno-reorder-init-list -Wno-implicit-int-float-conversion -Wno-c99-designator -Wno-final-dtor-non-final-class -Wno-extra-semi-stmt -Wno-misleading-indentation -Wno-quoted-include-in-framework-header -Wno-implicit-fallthrough -Wno-enum-enum-conversion -Wno-enum-float-conversion -Wno-elaborated-enum-base -Wno-reserved-identifier -Wno-gnu-folding-constant -Wno-cast-function-type -Wno-bitwise-instead-of-logical -fdeprecated-macro "-fdebug-compilation-dir=/Users/silviafang/Desktop/fall2022/CS 211/NUrdle/build/CMakeFiles/CMakeTmp" -ferror-limit 19 -stack-protector 1 -fstack-check -mdarwin-stkchk-strong-link -fblocks -fencode-extended-block-signature -fregister-global-dtors-with-atexit -fgnuc-version=4.2.1 -fno-cxx-modules -fcxx-exceptions -fexceptions -fmax-type-align=16 -fcommon -clang-vendor-feature=+messageToSelfInClassMethodIdReturnType -clang-vendor-feature=+disableInferNewAvailabilityFromInit -clang-vendor-feature=+disableNonDependentMemberExprInCurrentInstantiation -fno-odr-hash-protocols -clang-vendor-feature=+enableAggressiveVLAFolding -clang-vendor-feature=+revert09abecef7bbf -clang-vendor-feature=+thisNoAlignAttr -clang-vendor-feature=+thisNoNullAttr -mllvm -disable-aligned-alloc-awareness=1 -D__GCC_HAVE_DWARF2_CFI_ASM=1 -o CMakeFiles/cmTC_3cce1.dir/CMakeCXXCompilerABI.cpp.o -x c++ /usr/local/Cellar/cmake/3.24.2/share/cmake/Modules/CMakeCXXCompilerABI.cpp
clang -cc1 version 14.0.0 (clang-1400.0.29.202) default target x86_64-apple-darwin21.6.0
ignoring nonexistent directory "/Library/Developer/CommandLineTools/SDKs/MacOSX13.0.sdk/usr/local/include"
ignoring nonexistent directory "/Library/Developer/CommandLineTools/SDKs/MacOSX13.0.sdk/Library/Frameworks"
#include "..." search starts here:
#include <...> search starts here:
 /Library/Developer/CommandLineTools/SDKs/MacOSX13.0.sdk/usr/include/c++/v1
 /Library/Developer/CommandLineTools/usr/lib/clang/14.0.0/include
 /Library/Developer/CommandLineTools/SDKs/MacOSX13.0.sdk/usr/include
 /Library/Developer/CommandLineTools/usr/include
 /Library/Developer/CommandLineTools/SDKs/MacOSX13.0.sdk/System/Library/Frameworks (framework directory)
End of search list.
Linking CXX executable cmTC_3cce1
/usr/local/Cellar/cmake/3.24.2/bin/cmake -E cmake_link_script CMakeFiles/cmTC_3cce1.dir/link.txt --verbose=1
/usr/bin/clang++  -arch x86_64 -isysroot /Library/Developer/CommandLineTools/SDKs/MacOSX13.0.sdk -mmacosx-version-min=12.6 -Wl,-search_paths_first -Wl,-headerpad_max_install_names  -v -Wl,-v CMakeFiles/cmTC_3cce1.dir/CMakeCXXCompilerABI.cpp.o -o cmTC_3cce1 
Apple clang version 14.0.0 (clang-1400.0.29.202)
Target: x86_64-apple-darwin21.6.0
Thread model: posix
InstalledDir: /Library/Developer/CommandLineTools/usr/bin
 "/Library/Developer/CommandLineTools/usr/bin/ld" -demangle -lto_library /Library/Developer/CommandLineTools/usr/lib/libLTO.dylib -dynamic -arch x86_64 -platform_version macos 12.6.0 13.0 -syslibroot /Library/Developer/CommandLineTools/SDKs/MacOSX13.0.sdk -o cmTC_3cce1 -search_paths_first -headerpad_max_install_names -v CMakeFiles/cmTC_3cce1.dir/CMakeCXXCompilerABI.cpp.o -lc++ -lSystem /Library/Developer/CommandLineTools/usr/lib/clang/14.0.0/lib/darwin/libclang_rt.osx.a
@(#)PROGRAM:ld  PROJECT:ld64-820.1
BUILD 18:42:34 Sep 11 2022
configured to support archs: armv6 armv7 armv7s arm64 arm64e arm64_32 i386 x86_64 x86_64h armv6m armv7k armv7m armv7em
Library search paths:
	/Library/Developer/CommandLineTools/SDKs/MacOSX13.0.sdk/usr/lib
Framework search paths:
	/Library/Developer/CommandLineTools/SDKs/MacOSX13.0.sdk/System/Library/Frameworks/



Parsed CXX implicit include dir info from above output: rv=done
  found start of include info
  found start of implicit include info
    add: [/Library/Developer/CommandLineTools/SDKs/MacOSX13.0.sdk/usr/include/c++/v1]
    add: [/Library/Developer/CommandLineTools/usr/lib/clang/14.0.0/include]
    add: [/Library/Developer/CommandLineTools/SDKs/MacOSX13.0.sdk/usr/include]
    add: [/Library/Developer/CommandLineTools/usr/include]
  end of search list found
  collapse include dir [/Library/Developer/CommandLineTools/SDKs/MacOSX13.0.sdk/usr/include/c++/v1] ==> [/Library/Developer/CommandLineTools/SDKs/MacOSX13.0.sdk/usr/include/c++/v1]
  collapse include dir [/Library/Developer/CommandLineTools/usr/lib/clang/14.0.0/include] ==> [/Library/Developer/CommandLineTools/usr/lib/clang/14.0.0/include]
  collapse include dir [/Library/Developer/CommandLineTools/SDKs/MacOSX13.0.sdk/usr/include] ==> [/Library/Developer/CommandLineTools/SDKs/MacOSX13.0.sdk/usr/include]
  collapse include dir [/Library/Developer/CommandLineTools/usr/include] ==> [/Library/Developer/CommandLineTools/usr/include]
  implicit include dirs: [/Library/Developer/CommandLineTools/SDKs/MacOSX13.0.sdk/usr/include/c++/v1;/Library/Developer/CommandLineTools/usr/lib/clang/14.0.0/include;/Library/Developer/CommandLineTools/SDKs/MacOSX13.0.sdk/usr/include;/Library/Developer/CommandLineTools/usr/include]


Parsed CXX implicit link information from above output:
  link line regex: [^( *|.*[/\])(ld|CMAKE_LINK_STARTFILE-NOTFOUND|([^/\]+-)?ld|collect2)[^/\]*( |$)]
  ignore line: [Change Dir: /Users/silviafang/Desktop/fall2022/CS 211/NUrdle/build/CMakeFiles/CMakeTmp]
  ignore line: []
  ignore line: [Run Build Command(s):/usr/bin/make -f Makefile cmTC_3cce1/fast && /Library/Developer/CommandLineTools/usr/bin/make  -f CMakeFiles/cmTC_3cce1.dir/build.make CMakeFiles/cmTC_3cce1.dir/build]
  ignore line: [Building CXX object CMakeFiles/cmTC_3cce1.dir/CMakeCXXCompilerABI.cpp.o]
  ignore line: [/usr/bin/clang++   -arch x86_64 -isysroot /Library/Developer/CommandLineTools/SDKs/MacOSX13.0.sdk -mmacosx-version-min=12.6   -v -Wl -v -MD -MT CMakeFiles/cmTC_3cce1.dir/CMakeCXXCompilerABI.cpp.o -MF CMakeFiles/cmTC_3cce1.dir/CMakeCXXCompilerABI.cpp.o.d -o CMakeFiles/cmTC_3cce1.dir/CMakeCXXCompilerABI.cpp.o -c /usr/local/Cellar/cmake/3.24.2/share/cmake/Modules/CMakeCXXCompilerABI.cpp]
  ignore line: [Apple clang version 14.0.0 (clang-1400.0.29.202)]
  ignore line: [Target: x86_64-apple-darwin21.6.0]
  ignore line: [Thread model: posix]
  ignore line: [InstalledDir: /Library/Developer/CommandLineTools/usr/bin]
  ignore line: [clang: warning: -Wl -v: 'linker' input unused [-Wunused-command-line-argument]]
  ignore line: [ "/Library/Developer/CommandLineTools/usr/bin/clang" -cc1 -triple x86_64-apple-macosx12.6.0 -Wundef-prefix=TARGET_OS_ -Wdeprecated-objc-isa-usage -Werror=deprecated-objc-isa-usage -Werror=implicit-function-declaration -emit-obj -mrelax-all --mrelax-relocations -disable-free -clear-ast-before-backend -disable-llvm-verifier -discard-value-names -main-file-name CMakeCXXCompilerABI.cpp -mrelocation-model pic -pic-level 2 -mframe-pointer=all -fno-strict-return -fno-rounding-math -funwind-tables=2 -target-sdk-version=13.0 -fvisibility-inlines-hidden-static-local-var -target-cpu penryn -tune-cpu generic -debugger-tuning=lldb -target-linker-version 820.1 -v -resource-dir /Library/Developer/CommandLineTools/usr/lib/clang/14.0.0 -dependency-file CMakeFiles/cmTC_3cce1.dir/CMakeCXXCompilerABI.cpp.o.d -skip-unused-modulemap-deps -MT CMakeFiles/cmTC_3cce1.dir/CMakeCXXCompilerABI.cpp.o -sys-header-deps -isysroot /Library/Developer/CommandLineTools/SDKs/MacOSX13.0.sdk -stdlib=libc++ -internal-isystem /Library/Developer/CommandLineTools/SDKs/MacOSX13.0.sdk/usr/include/c++/v1 -internal-isystem /Library/Developer/CommandLineTools/SDKs/MacOSX13.0.sdk/usr/local/include -internal-isystem /Library/Developer/CommandLineTools/usr/lib/clang/14.0.0/include -internal-externc-isystem /Library/Developer/CommandLineTools/SDKs/MacOSX13.0.sdk/usr/include -internal-externc-isystem /Library/Developer/CommandLineTools/usr/include -Wno-reorder-init-list -Wno-implicit-int-float-conversion -Wno-c99-designator -Wno-final-dtor-non-final-class -Wno-extra-semi-stmt -Wno-misleading-indentation -Wno-quoted-include-in-framework-header -Wno-implicit-fallthrough -Wno-enum-enum-conversion -Wno-enum-float-conversion -Wno-elaborated-enum-base -Wno-reserved-identifier -Wno-gnu-folding-constant -Wno-cast-function-type -Wno-bitwise-instead-of-logical -fdeprecated-macro "-fdebug-compilation-dir=/Users/silviafang/Desktop/fall2022/CS 211/NUrdle/build/CMakeFiles/CMakeTmp" -ferror-limit 19 -stack-protector 1 -fstack-check -mdarwin-stkchk-strong-link -fblocks -fencode-extended-block-signature -fregister-global-dtors-with-atexit -fgnuc-version=4.2.1 -fno-cxx-modules -fcxx-exceptions -fexceptions -fmax-type-align=16 -fcommon -clang-vendor-feature=+messageToSelfInClassMethodIdReturnType -clang-vendor-feature=+disableInferNewAvailabilityFromInit -clang-vendor-feature=+disableNonDependentMemberExprInCurrentInstantiation -fno-odr-hash-protocols -clang-vendor-feature=+enableAggressiveVLAFolding -clang-vendor-feature=+revert09abecef7bbf -clang-vendor-feature=+thisNoAlignAttr -clang-vendor-feature=+thisNoNullAttr -mllvm -disable-aligned-alloc-awareness=1 -D__GCC_HAVE_DWARF2_CFI_ASM=1 -o CMakeFiles/cmTC_3cce1.dir/CMakeCXXCompilerABI.cpp.o -x c++ /usr/local/Cellar/cmake/3.24.2/share/cmake/Modules/CMakeCXXCompilerABI.cpp]
  ignore line: [clang -cc1 version 14.0.0 (clang-1400.0.29.202) default target x86_64-apple-darwin21.6.0]
  ignore line: [ignoring nonexistent directory "/Library/Developer/CommandLineTools/SDKs/MacOSX13.0.sdk/usr/local/include"]
  ignore line: [ignoring nonexistent directory "/Library/Developer/CommandLineTools/SDKs/MacOSX13.0.sdk/Library/Frameworks"]
  ignore line: [#include "..." search starts here:]
  ignore line: [#include <...> search starts here:]
  ignore line: [ /Library/Developer/CommandLineTools/SDKs/MacOSX13.0.sdk/usr/include/c++/v1]
  ignore line: [ /Library/Developer/CommandLineTools/usr/lib/clang/14.0.0/include]
  ignore line: [ /Library/Developer/CommandLineTools/SDKs/MacOSX13.0.sdk/usr/include]
  ignore line: [ /Library/Developer/CommandLineTools/usr/include]
  ignore line: [ /Library/Developer/CommandLineTools/SDKs/MacOSX13.0.sdk/System/Library/Frameworks (framework directory)]
  ignore line: [End of search list.]
  ignore line: [Linking CXX executable cmTC_3cce1]
  ignore line: [/usr/local/Cellar/cmake/3.24.2/bin/cmake -E cmake_link_script CMakeFiles/cmTC_3cce1.dir/link.txt --verbose=1]
  ignore line: [/usr/bin/clang++  -arch x86_64 -isysroot /Library/Developer/CommandLineTools/SDKs/MacOSX13.0.sdk -mmacosx-version-min=12.6 -Wl -search_paths_first -Wl -headerpad_max_install_names  -v -Wl -v CMakeFiles/cmTC_3cce1.dir/CMakeCXXCompilerABI.cpp.o -o cmTC_3cce1 ]
  ignore line: [Apple clang version 14.0.0 (clang-1400.0.29.202)]
  ignore line: [Target: x86_64-apple-darwin21.6.0]
  ignore line: [Thread model: posix]
  ignore line: [InstalledDir: /Library/Developer/CommandLineTools/usr/bin]
  link line: [ "/Library/Developer/CommandLineTools/usr/bin/ld" -demangle -lto_library /Library/Developer/CommandLineTools/usr/lib/libLTO.dylib -dynamic -arch x86_64 -platform_version macos 12.6.0 13.0 -syslibroot /Library/Developer/CommandLineTools/SDKs/MacOSX13.0.sdk -o cmTC_3cce1 -search_paths_first -headerpad_max_install_names -v CMakeFiles/cmTC_3cce1.dir/CMakeCXXCompilerABI.cpp.o -lc++ -lSystem /Library/Developer/CommandLineTools/usr/lib/clang/14.0.0/lib/darwin/libclang_rt.osx.a]
    arg [/Library/Developer/CommandLineTools/usr/bin/ld] ==> ignore
    arg [-demangle] ==> ignore
    arg [-lto_library] ==> ignore, skip following value
    arg [/Library/Developer/CommandLineTools/usr/lib/libLTO.dylib] ==> skip value of -lto_library
    arg [-dynamic] ==> ignore
    arg [-arch] ==> ignore
    arg [x86_64] ==> ignore
    arg [-platform_version] ==> ignore
    arg [macos] ==> ignore
    arg [12.6.0] ==> ignore
    arg [13.0] ==> ignore
    arg [-syslibroot] ==> ignore
    arg [/Library/Developer/CommandLineTools/SDKs/MacOSX13.0.sdk] ==> ignore
    arg [-o] ==> ignore
    arg [cmTC_3cce1] ==> ignore
    arg [-search_paths_first] ==> ignore
    arg [-headerpad_max_install_names] ==> ignore
    arg [-v] ==> ignore
    arg [CMakeFiles/cmTC_3cce1.dir/CMakeCXXCompilerABI.cpp.o] ==> ignore
    arg [-lc++] ==> lib [c++]
    arg [-lSystem] ==> lib [System]
    arg [/Library/Developer/CommandLineTools/usr/lib/clang/14.0.0/lib/darwin/libclang_rt.osx.a] ==> lib [/Library/Developer/CommandLineTools/usr/lib/clang/14.0.0/lib/darwin/libclang_rt.osx.a]
  Library search paths: [;/Library/Developer/CommandLineTools/SDKs/MacOSX13.0.sdk/usr/lib]
  Framework search paths: [;/Library/Developer/CommandLineTools/SDKs/MacOSX13.0.sdk/System/Library/Frameworks/]
  remove lib [System]
  remove lib [/Library/Developer/CommandLineTools/usr/lib/clang/14.0.0/lib/darwin/libclang_rt.osx.a]
  collapse library dir [/Library/Developer/CommandLineTools/SDKs/MacOSX13.0.sdk/usr/lib] ==> [/Library/Developer/CommandLineTools/SDKs/MacOSX13.0.sdk/usr/lib]
  collapse framework dir [/Library/Developer/CommandLineTools/SDKs/MacOSX13.0.sdk/System/Library/Frameworks/] ==> [/Library/Developer/CommandLineTools/SDKs/MacOSX13.0.sdk/System/Library/Frameworks]
  implicit libs: [c++]
  implicit objs: []
  implicit dirs: [/Library/Developer/CommandLineTools/SDKs/MacOSX13.0.sdk/usr/lib]
  implicit fwks: [/Library/Developer/CommandLineTools/SDKs/MacOSX13.0.sdk/System/Library/Frameworks]


Performing C++ SOURCE FILE Test CXXFLAG_WALL_OKAY succeeded with the following output:
Change Dir: /Users/silviafang/Desktop/fall2022/CS 211/NUrdle/build/CMakeFiles/CMakeTmp

Run Build Command(s):/usr/bin/make -f Makefile cmTC_b8a1d/fast && /Library/Developer/CommandLineTools/usr/bin/make  -f CMakeFiles/cmTC_b8a1d.dir/build.make CMakeFiles/cmTC_b8a1d.dir/build
Building CXX object CMakeFiles/cmTC_b8a1d.dir/src.cxx.o
/usr/bin/clang++ -DCXXFLAG_WALL_OKAY  -arch x86_64 -isysroot /Library/Developer/CommandLineTools/SDKs/MacOSX13.0.sdk -mmacosx-version-min=12.6   -Wall -MD -MT CMakeFiles/cmTC_b8a1d.dir/src.cxx.o -MF CMakeFiles/cmTC_b8a1d.dir/src.cxx.o.d -o CMakeFiles/cmTC_b8a1d.dir/src.cxx.o -c "/Users/silviafang/Desktop/fall2022/CS 211/NUrdle/build/CMakeFiles/CMakeTmp/src.cxx"
Linking CXX executable cmTC_b8a1d
/usr/local/Cellar/cmake/3.24.2/bin/cmake -E cmake_link_script CMakeFiles/cmTC_b8a1d.dir/link.txt --verbose=1
/usr/bin/clang++  -arch x86_64 -isysroot /Library/Developer/CommandLineTools/SDKs/MacOSX13.0.sdk -mmacosx-version-min=12.6 -Wl,-search_paths_first -Wl,-headerpad_max_install_names CMakeFiles/cmTC_b8a1d.dir/src.cxx.o -o cmTC_b8a1d 


Source file was:
int main() { return 0; }
Performing C++ SOURCE FILE Test CXXFLAG_WCAST_QUAL_OKAY succeeded with the following output:
Change Dir: /Users/silviafang/Desktop/fall2022/CS 211/NUrdle/build/CMakeFiles/CMakeTmp

Run Build Command(s):/usr/bin/make -f Makefile cmTC_44709/fast && /Library/Developer/CommandLineTools/usr/bin/make  -f CMakeFiles/cmTC_44709.dir/build.make CMakeFiles/cmTC_44709.dir/build
Building CXX object CMakeFiles/cmTC_44709.dir/src.cxx.o
/usr/bin/clang++ -DCXXFLAG_WCAST_QUAL_OKAY  -arch x86_64 -isysroot /Library/Developer/CommandLineTools/SDKs/MacOSX13.0.sdk -mmacosx-version-min=12.6   -Wcast-qual -MD -MT CMakeFiles/cmTC_44709.dir/src.cxx.o -MF CMakeFiles/cmTC_44709.dir/src.cxx.o.d -o CMakeFiles/cmTC_44709.dir/src.cxx.o -c "/Users/silviafang/Desktop/fall2022/CS 211/NUrdle/build/CMakeFiles/CMakeTmp/src.cxx"
Linking CXX executable cmTC_44709
/usr/local/Cellar/cmake/3.24.2/bin/cmake -E cmake_link_script CMakeFiles/cmTC_44709.dir/link.txt --verbose=1
/usr/bin/clang++  -arch x86_64 -isysroot /Library/Developer/CommandLineTools/SDKs/MacOSX13.0.sdk -mmacosx-version-min=12.6 -Wl,-search_paths_first -Wl,-headerpad_max_install_names CMakeFiles/cmTC_44709.dir/src.cxx.o -o cmTC_44709 


Source file was:
int main() { return 0; }
Performing C++ SOURCE FILE Test CXXFLAG_WDANGLING_ELSE_OKAY succeeded with the following output:
Change Dir: /Users/silviafang/Desktop/fall2022/CS 211/NUrdle/build/CMakeFiles/CMakeTmp

Run Build Command(s):/usr/bin/make -f Makefile cmTC_3c980/fast && /Library/Developer/CommandLineTools/usr/bin/make  -f CMakeFiles/cmTC_3c980.dir/build.make CMakeFiles/cmTC_3c980.dir/build
Building CXX object CMakeFiles/cmTC_3c980.dir/src.cxx.o
/usr/bin/clang++ -DCXXFLAG_WDANGLING_ELSE_OKAY  -arch x86_64 -isysroot /Library/Developer/CommandLineTools/SDKs/MacOSX13.0.sdk -mmacosx-version-min=12.6   -Wdangling-else -MD -MT CMakeFiles/cmTC_3c980.dir/src.cxx.o -MF CMakeFiles/cmTC_3c980.dir/src.cxx.o.d -o CMakeFiles/cmTC_3c980.dir/src.cxx.o -c "/Users/silviafang/Desktop/fall2022/CS 211/NUrdle/build/CMakeFiles/CMakeTmp/src.cxx"
Linking CXX executable cmTC_3c980
/usr/local/Cellar/cmake/3.24.2/bin/cmake -E cmake_link_script CMakeFiles/cmTC_3c980.dir/link.txt --verbose=1
/usr/bin/clang++  -arch x86_64 -isysroot /Library/Developer/CommandLineTools/SDKs/MacOSX13.0.sdk -mmacosx-version-min=12.6 -Wl,-search_paths_first -Wl,-headerpad_max_install_names CMakeFiles/cmTC_3c980.dir/src.cxx.o -o cmTC_3c980 


Source file was:
int main() { return 0; }
Performing C++ SOURCE FILE Test CXXFLAG_WNULL_DEREFERENCE_OKAY succeeded with the following output:
Change Dir: /Users/silviafang/Desktop/fall2022/CS 211/NUrdle/build/CMakeFiles/CMakeTmp

Run Build Command(s):/usr/bin/make -f Makefile cmTC_fb449/fast && /Library/Developer/CommandLineTools/usr/bin/make  -f CMakeFiles/cmTC_fb449.dir/build.make CMakeFiles/cmTC_fb449.dir/build
Building CXX object CMakeFiles/cmTC_fb449.dir/src.cxx.o
/usr/bin/clang++ -DCXXFLAG_WNULL_DEREFERENCE_OKAY  -arch x86_64 -isysroot /Library/Developer/CommandLineTools/SDKs/MacOSX13.0.sdk -mmacosx-version-min=12.6   -Wnull-dereference -MD -MT CMakeFiles/cmTC_fb449.dir/src.cxx.o -MF CMakeFiles/cmTC_fb449.dir/src.cxx.o.d -o CMakeFiles/cmTC_fb449.dir/src.cxx.o -c "/Users/silviafang/Desktop/fall2022/CS 211/NUrdle/build/CMakeFiles/CMakeTmp/src.cxx"
Linking CXX executable cmTC_fb449
/usr/local/Cellar/cmake/3.24.2/bin/cmake -E cmake_link_script CMakeFiles/cmTC_fb449.dir/link.txt --verbose=1
/usr/bin/clang++  -arch x86_64 -isysroot /Library/Developer/CommandLineTools/SDKs/MacOSX13.0.sdk -mmacosx-version-min=12.6 -Wl,-search_paths_first -Wl,-headerpad_max_install_names CMakeFiles/cmTC_fb449.dir/src.cxx.o -o cmTC_fb449 


Source file was:
int main() { return 0; }
Performing C++ SOURCE FILE Test CXXFLAG_WTYPE_LIMITS_OKAY succeeded with the following output:
Change Dir: /Users/silviafang/Desktop/fall2022/CS 211/NUrdle/build/CMakeFiles/CMakeTmp

Run Build Command(s):/usr/bin/make -f Makefile cmTC_b009b/fast && /Library/Developer/CommandLineTools/usr/bin/make  -f CMakeFiles/cmTC_b009b.dir/build.make CMakeFiles/cmTC_b009b.dir/build
Building CXX object CMakeFiles/cmTC_b009b.dir/src.cxx.o
/usr/bin/clang++ -DCXXFLAG_WTYPE_LIMITS_OKAY  -arch x86_64 -isysroot /Library/Developer/CommandLineTools/SDKs/MacOSX13.0.sdk -mmacosx-version-min=12.6   -Wtype-limits -MD -MT CMakeFiles/cmTC_b009b.dir/src.cxx.o -MF CMakeFiles/cmTC_b009b.dir/src.cxx.o.d -o CMakeFiles/cmTC_b009b.dir/src.cxx.o -c "/Users/silviafang/Desktop/fall2022/CS 211/NUrdle/build/CMakeFiles/CMakeTmp/src.cxx"
Linking CXX executable cmTC_b009b
/usr/local/Cellar/cmake/3.24.2/bin/cmake -E cmake_link_script CMakeFiles/cmTC_b009b.dir/link.txt --verbose=1
/usr/bin/clang++  -arch x86_64 -isysroot /Library/Developer/CommandLineTools/SDKs/MacOSX13.0.sdk -mmacosx-version-min=12.6 -Wl,-search_paths_first -Wl,-headerpad_max_install_names CMakeFiles/cmTC_b009b.dir/src.cxx.o -o cmTC_b009b 


Source file was:
int main() { return 0; }
Performing C++ SOURCE FILE Test CXXFLAG_WWRITE_STRINGS_OKAY succeeded with the following output:
Change Dir: /Users/silviafang/Desktop/fall2022/CS 211/NUrdle/build/CMakeFiles/CMakeTmp

Run Build Command(s):/usr/bin/make -f Makefile cmTC_38d07/fast && /Library/Developer/CommandLineTools/usr/bin/make  -f CMakeFiles/cmTC_38d07.dir/build.make CMakeFiles/cmTC_38d07.dir/build
Building CXX object CMakeFiles/cmTC_38d07.dir/src.cxx.o
/usr/bin/clang++ -DCXXFLAG_WWRITE_STRINGS_OKAY  -arch x86_64 -isysroot /Library/Developer/CommandLineTools/SDKs/MacOSX13.0.sdk -mmacosx-version-min=12.6   -Wwrite-strings -MD -MT CMakeFiles/cmTC_38d07.dir/src.cxx.o -MF CMakeFiles/cmTC_38d07.dir/src.cxx.o.d -o CMakeFiles/cmTC_38d07.dir/src.cxx.o -c "/Users/silviafang/Desktop/fall2022/CS 211/NUrdle/build/CMakeFiles/CMakeTmp/src.cxx"
Linking CXX executable cmTC_38d07
/usr/local/Cellar/cmake/3.24.2/bin/cmake -E cmake_link_script CMakeFiles/cmTC_38d07.dir/link.txt --verbose=1
/usr/bin/clang++  -arch x86_64 -isysroot /Library/Developer/CommandLineTools/SDKs/MacOSX13.0.sdk -mmacosx-version-min=12.6 -Wl,-search_paths_first -Wl,-headerpad_max_install_names CMakeFiles/cmTC_38d07.dir/src.cxx.o -o cmTC_38d07 


Source file was:
int main() { return 0; }
Performing C++ SOURCE FILE Test CXXFLAG_WERROR_BOOL_OPERATION_OKAY succeeded with the following output:
Change Dir: /Users/silviafang/Desktop/fall2022/CS 211/NUrdle/build/CMakeFiles/CMakeTmp

Run Build Command(s):/usr/bin/make -f Makefile cmTC_868ff/fast && /Library/Developer/CommandLineTools/usr/bin/make  -f CMakeFiles/cmTC_868ff.dir/build.make CMakeFiles/cmTC_868ff.dir/build
Building CXX object CMakeFiles/cmTC_868ff.dir/src.cxx.o
/usr/bin/clang++ -DCXXFLAG_WERROR_BOOL_OPERATION_OKAY  -arch x86_64 -isysroot /Library/Developer/CommandLineTools/SDKs/MacOSX13.0.sdk -mmacosx-version-min=12.6   -Werror=bool-operation -MD -MT CMakeFiles/cmTC_868ff.dir/src.cxx.o -MF CMakeFiles/cmTC_868ff.dir/src.cxx.o.d -o CMakeFiles/cmTC_868ff.dir/src.cxx.o -c "/Users/silviafang/Desktop/fall2022/CS 211/NUrdle/build/CMakeFiles/CMakeTmp/src.cxx"
Linking CXX executable cmTC_868ff
/usr/local/Cellar/cmake/3.24.2/bin/cmake -E cmake_link_script CMakeFiles/cmTC_868ff.dir/link.txt --verbose=1
/usr/bin/clang++  -arch x86_64 -isysroot /Library/Developer/CommandLineTools/SDKs/MacOSX13.0.sdk -mmacosx-version-min=12.6 -Wl,-search_paths_first -Wl,-headerpad_max_install_names CMakeFiles/cmTC_868ff.dir/src.cxx.o -o cmTC_868ff 


Source file was:
int main() { return 0; }
Performing C++ SOURCE FILE Test CXXFLAG_WERROR_INT_TO_POINTER_CAST_OKAY succeeded with the following output:
Change Dir: /Users/silviafang/Desktop/fall2022/CS 211/NUrdle/build/CMakeFiles/CMakeTmp

Run Build Command(s):/usr/bin/make -f Makefile cmTC_0da14/fast && /Library/Developer/CommandLineTools/usr/bin/make  -f CMakeFiles/cmTC_0da14.dir/build.make CMakeFiles/cmTC_0da14.dir/build
Building CXX object CMakeFiles/cmTC_0da14.dir/src.cxx.o
/usr/bin/clang++ -DCXXFLAG_WERROR_INT_TO_POINTER_CAST_OKAY  -arch x86_64 -isysroot /Library/Developer/CommandLineTools/SDKs/MacOSX13.0.sdk -mmacosx-version-min=12.6   -Werror=int-to-pointer-cast -MD -MT CMakeFiles/cmTC_0da14.dir/src.cxx.o -MF CMakeFiles/cmTC_0da14.dir/src.cxx.o.d -o CMakeFiles/cmTC_0da14.dir/src.cxx.o -c "/Users/silviafang/Desktop/fall2022/CS 211/NUrdle/build/CMakeFiles/CMakeTmp/src.cxx"
Linking CXX executable cmTC_0da14
/usr/local/Cellar/cmake/3.24.2/bin/cmake -E cmake_link_script CMakeFiles/cmTC_0da14.dir/link.txt --verbose=1
/usr/bin/clang++  -arch x86_64 -isysroot /Library/Developer/CommandLineTools/SDKs/MacOSX13.0.sdk -mmacosx-version-min=12.6 -Wl,-search_paths_first -Wl,-headerpad_max_install_names CMakeFiles/cmTC_0da14.dir/src.cxx.o -o cmTC_0da14 


Source file was:
int main() { return 0; }
Performing C++ SOURCE FILE Test CXXFLAG_WERROR_RETURN_TYPE_OKAY succeeded with the following output:
Change Dir: /Users/silviafang/Desktop/fall2022/CS 211/NUrdle/build/CMakeFiles/CMakeTmp

Run Build Command(s):/usr/bin/make -f Makefile cmTC_14010/fast && /Library/Developer/CommandLineTools/usr/bin/make  -f CMakeFiles/cmTC_14010.dir/build.make CMakeFiles/cmTC_14010.dir/build
Building CXX object CMakeFiles/cmTC_14010.dir/src.cxx.o
/usr/bin/clang++ -DCXXFLAG_WERROR_RETURN_TYPE_OKAY  -arch x86_64 -isysroot /Library/Developer/CommandLineTools/SDKs/MacOSX13.0.sdk -mmacosx-version-min=12.6   -Werror=return-type -MD -MT CMakeFiles/cmTC_14010.dir/src.cxx.o -MF CMakeFiles/cmTC_14010.dir/src.cxx.o.d -o CMakeFiles/cmTC_14010.dir/src.cxx.o -c "/Users/silviafang/Desktop/fall2022/CS 211/NUrdle/build/CMakeFiles/CMakeTmp/src.cxx"
Linking CXX executable cmTC_14010
/usr/local/Cellar/cmake/3.24.2/bin/cmake -E cmake_link_script CMakeFiles/cmTC_14010.dir/link.txt --verbose=1
/usr/bin/clang++  -arch x86_64 -isysroot /Library/Developer/CommandLineTools/SDKs/MacOSX13.0.sdk -mmacosx-version-min=12.6 -Wl,-search_paths_first -Wl,-headerpad_max_install_names CMakeFiles/cmTC_14010.dir/src.cxx.o -o cmTC_14010 


Source file was:
int main() { return 0; }
Performing C++ SOURCE FILE Test CXXFLAG_WERROR_UNINITIALIZED_OKAY succeeded with the following output:
Change Dir: /Users/silviafang/Desktop/fall2022/CS 211/NUrdle/build/CMakeFiles/CMakeTmp

Run Build Command(s):/usr/bin/make -f Makefile cmTC_4872f/fast && /Library/Developer/CommandLineTools/usr/bin/make  -f CMakeFiles/cmTC_4872f.dir/build.make CMakeFiles/cmTC_4872f.dir/build
Building CXX object CMakeFiles/cmTC_4872f.dir/src.cxx.o
/usr/bin/clang++ -DCXXFLAG_WERROR_UNINITIALIZED_OKAY  -arch x86_64 -isysroot /Library/Developer/CommandLineTools/SDKs/MacOSX13.0.sdk -mmacosx-version-min=12.6   -Werror=uninitialized -MD -MT CMakeFiles/cmTC_4872f.dir/src.cxx.o -MF CMakeFiles/cmTC_4872f.dir/src.cxx.o.d -o CMakeFiles/cmTC_4872f.dir/src.cxx.o -c "/Users/silviafang/Desktop/fall2022/CS 211/NUrdle/build/CMakeFiles/CMakeTmp/src.cxx"
Linking CXX executable cmTC_4872f
/usr/local/Cellar/cmake/3.24.2/bin/cmake -E cmake_link_script CMakeFiles/cmTC_4872f.dir/link.txt --verbose=1
/usr/bin/clang++  -arch x86_64 -isysroot /Library/Developer/CommandLineTools/SDKs/MacOSX13.0.sdk -mmacosx-version-min=12.6 -Wl,-search_paths_first -Wl,-headerpad_max_install_names CMakeFiles/cmTC_4872f.dir/src.cxx.o -o cmTC_4872f 


Source file was:
int main() { return 0; }
Performing C++ SOURCE FILE Test LDFLAG_FSANITIZE_UNDEFINED_OKAY succeeded with the following output:
Change Dir: /Users/silviafang/Desktop/fall2022/CS 211/NUrdle/build/CMakeFiles/CMakeTmp

Run Build Command(s):/usr/bin/make -f Makefile cmTC_283d6/fast && /Library/Developer/CommandLineTools/usr/bin/make  -f CMakeFiles/cmTC_283d6.dir/build.make CMakeFiles/cmTC_283d6.dir/build
Building CXX object CMakeFiles/cmTC_283d6.dir/src.cxx.o
/usr/bin/clang++ -DLDFLAG_FSANITIZE_UNDEFINED_OKAY  -fsanitize=undefined  -arch x86_64 -isysroot /Library/Developer/CommandLineTools/SDKs/MacOSX13.0.sdk -mmacosx-version-min=12.6 -MD -MT CMakeFiles/cmTC_283d6.dir/src.cxx.o -MF CMakeFiles/cmTC_283d6.dir/src.cxx.o.d -o CMakeFiles/cmTC_283d6.dir/src.cxx.o -c "/Users/silviafang/Desktop/fall2022/CS 211/NUrdle/build/CMakeFiles/CMakeTmp/src.cxx"
Linking CXX executable cmTC_283d6
/usr/local/Cellar/cmake/3.24.2/bin/cmake -E cmake_link_script CMakeFiles/cmTC_283d6.dir/link.txt --verbose=1
/usr/bin/clang++  -fsanitize=undefined  -arch x86_64 -isysroot /Library/Developer/CommandLineTools/SDKs/MacOSX13.0.sdk -mmacosx-version-min=12.6 -Wl,-search_paths_first -Wl,-headerpad_max_install_names CMakeFiles/cmTC_283d6.dir/src.cxx.o -o cmTC_283d6 


Source file was:
int main(){}
