Performing C++ SOURCE FILE Test CXXFLAG_WCAST_ALIGN_STRICT_OKAY failed with the following output:
Change Dir: /Users/silviafang/Desktop/fall2022/CS 211/NUrdle/build/CMakeFiles/CMakeTmp

Run Build Command(s):/usr/bin/make -f Makefile cmTC_c9be4/fast && /Library/Developer/CommandLineTools/usr/bin/make  -f CMakeFiles/cmTC_c9be4.dir/build.make CMakeFiles/cmTC_c9be4.dir/build
Building CXX object CMakeFiles/cmTC_c9be4.dir/src.cxx.o
/usr/bin/clang++ -DCXXFLAG_WCAST_ALIGN_STRICT_OKAY  -arch x86_64 -isysroot /Library/Developer/CommandLineTools/SDKs/MacOSX13.0.sdk -mmacosx-version-min=12.6   -Wcast-align=strict -MD -MT CMakeFiles/cmTC_c9be4.dir/src.cxx.o -MF CMakeFiles/cmTC_c9be4.dir/src.cxx.o.d -o CMakeFiles/cmTC_c9be4.dir/src.cxx.o -c "/Users/silviafang/Desktop/fall2022/CS 211/NUrdle/build/CMakeFiles/CMakeTmp/src.cxx"
warning: unknown warning option '-Wcast-align=strict'; did you mean '-Wcast-align'? [-Wunknown-warning-option]
1 warning generated.
Linking CXX executable cmTC_c9be4
/usr/local/Cellar/cmake/3.24.2/bin/cmake -E cmake_link_script CMakeFiles/cmTC_c9be4.dir/link.txt --verbose=1
/usr/bin/clang++  -arch x86_64 -isysroot /Library/Developer/CommandLineTools/SDKs/MacOSX13.0.sdk -mmacosx-version-min=12.6 -Wl,-search_paths_first -Wl,-headerpad_max_install_names CMakeFiles/cmTC_c9be4.dir/src.cxx.o -o cmTC_c9be4 


Source file was:
int main() { return 0; }
Performing C++ SOURCE FILE Test CXXFLAG_WERROR_BOOL_COMPARE_OKAY failed with the following output:
Change Dir: /Users/silviafang/Desktop/fall2022/CS 211/NUrdle/build/CMakeFiles/CMakeTmp

Run Build Command(s):/usr/bin/make -f Makefile cmTC_1fa10/fast && /Library/Developer/CommandLineTools/usr/bin/make  -f CMakeFiles/cmTC_1fa10.dir/build.make CMakeFiles/cmTC_1fa10.dir/build
Building CXX object CMakeFiles/cmTC_1fa10.dir/src.cxx.o
/usr/bin/clang++ -DCXXFLAG_WERROR_BOOL_COMPARE_OKAY  -arch x86_64 -isysroot /Library/Developer/CommandLineTools/SDKs/MacOSX13.0.sdk -mmacosx-version-min=12.6   -Werror=bool-compare -MD -MT CMakeFiles/cmTC_1fa10.dir/src.cxx.o -MF CMakeFiles/cmTC_1fa10.dir/src.cxx.o.d -o CMakeFiles/cmTC_1fa10.dir/src.cxx.o -c "/Users/silviafang/Desktop/fall2022/CS 211/NUrdle/build/CMakeFiles/CMakeTmp/src.cxx"
warning: unknown warning option '-Werror=bool-compare' [-Wunknown-warning-option]
1 warning generated.
Linking CXX executable cmTC_1fa10
/usr/local/Cellar/cmake/3.24.2/bin/cmake -E cmake_link_script CMakeFiles/cmTC_1fa10.dir/link.txt --verbose=1
/usr/bin/clang++  -arch x86_64 -isysroot /Library/Developer/CommandLineTools/SDKs/MacOSX13.0.sdk -mmacosx-version-min=12.6 -Wl,-search_paths_first -Wl,-headerpad_max_install_names CMakeFiles/cmTC_1fa10.dir/src.cxx.o -o cmTC_1fa10 


Source file was:
int main() { return 0; }
